<?xml version="1.0" encoding="UTF-8"?>
<!-- Generated by org.testng.reporters.JUnitReportReporter -->
<testsuite hostname="DELL" failures="0" tests="1" name="com.automation.AutomationTesting.Day14_LinksHandle_TestNG" time="33.140" errors="0" timestamp="2025-06-24T13:55:01 IST" skipped="0">
  <testcase classname="com.automation.AutomationTesting.Day14_LinksHandle_TestNG" name="LinksHandle" time="33.140"/>
</testsuite> <!-- com.automation.AutomationTesting.Day14_LinksHandle_TestNG -->
