<?xml version="1.0" encoding="UTF-8"?>
<!-- Generated by org.testng.reporters.JUnitReportReporter -->
<testsuite hostname="DELL" failures="0" tests="1" name="WithTestNG.Day19_ScreenShot_TestNg" time="7.935" errors="0" timestamp="2025-06-24T16:36:38 IST" skipped="0">
  <testcase classname="WithTestNG.Day19_ScreenShot_TestNg" name="screenShot" time="7.935"/>
</testsuite> <!-- WithTestNG.Day19_ScreenShot_TestNg -->
