<?xml version="1.0" encoding="UTF-8"?>
<!-- Generated by org.testng.reporters.JUnitReportReporter -->
<testsuite hostname="DELL" failures="0" tests="1" name="Day11_ActionClass_TestNG" time="3.931" errors="0" timestamp="2025-06-24T14:22:16 IST" skipped="0">
  <testcase classname="Day11_ActionClass_TestNG" name="ActionClass" time="3.931"/>
</testsuite> <!-- Day11_ActionClass_TestNG -->
